SF:lib/core/errors/failures/failure.dart
DA:3,1
DA:7,1
DA:8,1
DA:12,0
DA:13,0
LF:5
LH:3
end_of_record
SF:lib/core/usecase/usecase.dart
DA:15,0
DA:16,0
DA:24,0
DA:25,0
LF:4
LH:0
end_of_record
SF:lib/features/flight_offer/data/models/aircraft/aircraft.dart
DA:14,0
DA:15,0
LF:2
LH:0
end_of_record
SF:lib/features/flight_offer/data/models/aircraft/aircraft.g.dart
DA:9,0
DA:10,0
DA:11,0
DA:14,0
DA:15,0
DA:16,0
LF:6
LH:0
end_of_record
SF:lib/features/flight_offer/data/models/arrival/arrival.dart
DA:18,0
DA:19,0
LF:2
LH:0
end_of_record
SF:lib/features/flight_offer/data/models/arrival/arrival.g.dart
DA:9,0
DA:10,0
DA:11,0
DA:12,0
DA:13,0
DA:16,0
DA:17,0
DA:18,0
DA:19,0
DA:20,0
LF:10
LH:0
end_of_record
SF:lib/features/flight_offer/data/models/departure/departure.dart
DA:18,0
DA:19,0
LF:2
LH:0
end_of_record
SF:lib/features/flight_offer/data/models/departure/departure.g.dart
DA:9,0
DA:10,0
DA:11,0
DA:12,0
DA:13,0
DA:16,0
DA:17,0
DA:18,0
DA:19,0
DA:20,0
LF:10
LH:0
end_of_record
SF:lib/features/flight_offer/data/models/fare_details_by_segment/fare_details_by_segment.dart
DA:23,0
DA:24,0
LF:2
LH:0
end_of_record
SF:lib/features/flight_offer/data/models/fare_details_by_segment/fare_details_by_segment.g.dart
DA:9,0
DA:11,0
DA:12,0
DA:13,0
DA:14,0
DA:15,0
DA:16,0
DA:18,0
DA:19,0
DA:22,0
DA:24,0
DA:25,0
DA:26,0
DA:27,0
DA:28,0
DA:29,0
LF:16
LH:0
end_of_record
SF:lib/features/flight_offer/data/models/flight_offer/flight_offer.dart
DA:44,0
DA:45,0
LF:2
LH:0
end_of_record
SF:lib/features/flight_offer/data/models/flight_offer/flight_offer.g.dart
DA:9,0
DA:10,0
DA:11,0
DA:12,0
DA:13,0
DA:14,0
DA:15,0
DA:16,0
DA:17,0
DA:18,0
DA:19,0
DA:20,0
DA:22,0
DA:23,0
DA:25,0
DA:26,0
DA:28,0
DA:29,0
DA:30,0
DA:31,0
DA:33,0
DA:34,0
DA:37,0
DA:38,0
DA:39,0
DA:40,0
DA:41,0
DA:42,0
DA:43,0
DA:44,0
DA:45,0
DA:46,0
DA:47,0
DA:48,0
DA:49,0
DA:50,0
DA:51,0
DA:52,0
LF:38
LH:0
end_of_record
SF:lib/features/flight_offer/data/models/included_checked_bags/included_checked_bags.dart
DA:16,0
DA:17,0
LF:2
LH:0
end_of_record
SF:lib/features/flight_offer/data/models/included_checked_bags/included_checked_bags.g.dart
DA:9,0
DA:11,0
DA:12,0
DA:13,0
DA:16,0
DA:18,0
DA:19,0
DA:20,0
LF:8
LH:0
end_of_record
SF:lib/features/flight_offer/data/models/itineraries/itineraries.dart
DA:17,0
DA:18,0
LF:2
LH:0
end_of_record
SF:lib/features/flight_offer/data/models/itineraries/itineraries.g.dart
DA:9,0
DA:10,0
DA:11,0
DA:12,0
DA:14,0
DA:17,0
DA:18,0
DA:19,0
DA:20,0
LF:9
LH:0
end_of_record
SF:lib/features/flight_offer/data/models/operating/operating.dart
DA:13,0
DA:14,0
LF:2
LH:0
end_of_record
SF:lib/features/flight_offer/data/models/operating/operating.g.dart
DA:9,0
DA:10,0
DA:11,0
DA:14,0
DA:15,0
DA:16,0
LF:6
LH:0
end_of_record
SF:lib/features/flight_offer/data/models/price/price.dart
DA:18,0
LF:1
LH:0
end_of_record
SF:lib/features/flight_offer/data/models/price/price.g.dart
DA:9,0
DA:10,0
DA:11,0
DA:12,0
DA:15,0
DA:16,0
DA:17,0
DA:18,0
DA:19,0
LF:9
LH:0
end_of_record
SF:lib/features/flight_offer/data/models/pricing_options/pricing_options.dart
DA:16,0
DA:17,0
LF:2
LH:0
end_of_record
SF:lib/features/flight_offer/data/models/pricing_options/pricing_options.g.dart
DA:9,0
DA:10,0
DA:11,0
DA:12,0
DA:15,0
DA:17,0
DA:18,0
DA:19,0
LF:8
LH:0
end_of_record
SF:lib/features/flight_offer/data/models/segments/segments.dart
DA:36,0
DA:37,0
LF:2
LH:0
end_of_record
SF:lib/features/flight_offer/data/models/segments/segments.g.dart
DA:9,0
DA:10,0
DA:11,0
DA:13,0
DA:14,0
DA:16,0
DA:17,0
DA:18,0
DA:19,0
DA:21,0
DA:22,0
DA:24,0
DA:25,0
DA:26,0
DA:27,0
DA:28,0
DA:31,0
DA:32,0
DA:33,0
DA:34,0
DA:35,0
DA:36,0
DA:37,0
DA:38,0
DA:39,0
DA:40,0
DA:41,0
DA:42,0
LF:28
LH:0
end_of_record
SF:lib/features/flight_offer/data/models/traveler_pricings/traveler_pricings.dart
DA:24,0
DA:25,0
LF:2
LH:0
end_of_record
SF:lib/features/flight_offer/data/models/traveler_pricings/traveler_pricings.g.dart
DA:9,0
DA:11,0
DA:12,0
DA:13,0
DA:14,0
DA:15,0
DA:17,0
DA:18,0
DA:20,0
DA:21,0
DA:24,0
DA:26,0
DA:27,0
DA:28,0
DA:29,0
DA:30,0
DA:31,0
LF:17
LH:0
end_of_record
SF:lib/features/flight_offer/domain/usecases/get_avaible_flights.dart
DA:13,1
DA:15,1
DA:17,2
LF:3
LH:3
end_of_record
